\BOOKMARK [0][-]{chapter.1}{Introduction}{}% 1
\BOOKMARK [1][-]{section.1.1}{Personal Contribution}{chapter.1}% 2
\BOOKMARK [0][-]{chapter.2}{File Protection}{}% 3
\BOOKMARK [1][-]{section.2.1}{Built in protection}{chapter.2}% 4
\BOOKMARK [2][-]{subsection.2.1.1}{Windows}{section.2.1}% 5
\BOOKMARK [2][-]{subsection.2.1.2}{Linux}{section.2.1}% 6
\BOOKMARK [1][-]{section.2.2}{Existing products for Windows}{chapter.2}% 7
\BOOKMARK [1][-]{section.2.3}{Linux Implementation Overview}{chapter.2}% 8
\BOOKMARK [2][-]{subsection.2.3.1}{RedirFS}{section.2.3}% 9
\BOOKMARK [1][-]{section.2.4}{Windows Kernel Development}{chapter.2}% 10
\BOOKMARK [2][-]{subsection.2.4.1}{Windows Drivers}{section.2.4}% 11
\BOOKMARK [2][-]{subsection.2.4.2}{Windows Filter Manager}{section.2.4}% 12
\BOOKMARK [1][-]{section.2.5}{Design and Implementation}{chapter.2}% 13
\BOOKMARK [2][-]{subsection.2.5.1}{High Level Overview of Design}{section.2.5}% 14
\BOOKMARK [2][-]{subsection.2.5.2}{Monitoring and Denying Access}{section.2.5}% 15
\BOOKMARK [2][-]{subsection.2.5.3}{Inter Component Communication}{section.2.5}% 16
\BOOKMARK [2][-]{subsection.2.5.4}{Encountered Challenges}{section.2.5}% 17
\BOOKMARK [1][-]{section.2.6}{Testing Approach}{chapter.2}% 18
\BOOKMARK [2][-]{subsection.2.6.1}{Driver Verifier}{section.2.6}% 19
\BOOKMARK [2][-]{subsection.2.6.2}{Static Code Analysis}{section.2.6}% 20
\BOOKMARK [0][-]{chapter.3}{Further Work}{}% 21
\BOOKMARK [1][-]{section.3.1}{File name matching efficiency}{chapter.3}% 22
\BOOKMARK [1][-]{section.3.2}{Enterprise environment integration}{chapter.3}% 23
\BOOKMARK [0][-]{chapter.4}{Conclusion}{}% 24
\BOOKMARK [0][-]{chapter*.94}{Bibliography}{}% 25
